\BOOKMARK [1][-]{section.1}{\376\377\000H\000i\000s\000t\000o\000r\000y}{}% 1
\BOOKMARK [2][-]{subsection.1.1}{\376\377\000P\000r\000o\000t\000o\000n\000\040\000D\000i\000s\000c\000o\000v\000e\000r\000y\000:\000\040\000T\000h\000e\000\040\000R\000u\000t\000h\000e\000r\000f\000o\000r\000d\000\040\000S\000c\000a\000t\000t\000e\000r\000i\000n\000g\000\040\000E\000x\000p\000e\000r\000i\000m\000e\000n\000t}{section.1}% 2
\BOOKMARK [3][-]{subsubsection.1.1.1}{\376\377\000C\000o\000n\000c\000l\000u\000s\000i\000o\000n}{subsection.1.1}% 3
\BOOKMARK [2][-]{subsection.1.2}{\376\377\000D\000i\000s\000c\000o\000v\000e\000r\000y\000\040\000o\000f\000\040\000t\000h\000e\000\040\000N\000e\000u\000t\000r\000o\000n}{section.1}% 4
\BOOKMARK [1][-]{section.2}{\376\377\000N\000u\000c\000l\000e\000u\000s}{}% 5
\BOOKMARK [2][-]{subsection.2.1}{\376\377\000N\000o\000t\000a\000t\000i\000o\000n}{section.2}% 6
\BOOKMARK [2][-]{subsection.2.2}{\376\377\000N\000u\000c\000l\000i\000d\000e\000s}{section.2}% 7
\BOOKMARK [3][-]{subsubsection.2.2.1}{\376\377\000S\000t\000a\000b\000l\000e\000\040\000N\000u\000m\000b\000e\000r\000s}{subsection.2.2}% 8
\BOOKMARK [1][-]{section.3}{\376\377\000U\000n\000i\000t\000s\000\040\000a\000n\000d\000\040\000D\000i\000m\000e\000n\000s\000i\000o\000n\000s\000\040\000i\000n\000\040\000N\000u\000c\000l\000e\000a\000r\000\040\000P\000h\000y\000s\000i\000c\000s}{}% 9
\BOOKMARK [2][-]{subsection.3.1}{\376\377\000L\000e\000n\000g\000t\000h}{section.3}% 10
\BOOKMARK [2][-]{subsection.3.2}{\376\377\000T\000i\000m\000e\000\040\000S\000c\000a\000l\000e}{section.3}% 11
\BOOKMARK [2][-]{subsection.3.3}{\376\377\000E\000n\000e\000r\000g\000y}{section.3}% 12
\BOOKMARK [2][-]{subsection.3.4}{\376\377\000M\000a\000s\000s}{section.3}% 13
\BOOKMARK [1][-]{section.4}{\376\377\000N\000u\000c\000l\000e\000a\000r\000\040\000P\000r\000o\000p\000e\000r\000t\000i\000e\000s}{}% 14
\BOOKMARK [2][-]{subsection.4.1}{\376\377\000C\000o\000n\000n\000e\000c\000t\000e\000d\000\040\000T\000e\000r\000m\000s}{section.4}% 15
\BOOKMARK [2][-]{subsection.4.2}{\376\377\000C\000h\000a\000r\000g\000e\000\040\000D\000i\000s\000t\000r\000i\000b\000u\000t\000i\000o\000n}{section.4}% 16
\BOOKMARK [2][-]{subsection.4.3}{\376\377\000N\000u\000c\000l\000e\000a\000r\000\040\000C\000h\000a\000r\000g\000e\000\040\000D\000i\000s\000t\000r\000i\000b\000u\000t\000i\000o\000n\000\040\000f\000r\000o\000m\000\040\000E\000l\000e\000c\000t\000r\000o\000n\000\040\000S\000c\000a\000t\000t\000e\000r\000i\000n\000g}{section.4}% 17
\BOOKMARK [2][-]{subsection.4.4}{\376\377\000N\000u\000c\000l\000e\000a\000r\000\040\000S\000i\000z\000e}{section.4}% 18
\BOOKMARK [2][-]{subsection.4.5}{\376\377\000N\000u\000c\000l\000e\000a\000r\000\040\000M\000a\000s\000s\000\040\000D\000i\000s\000t\000r\000i\000b\000u\000t\000i\000o\000n\000\040\000f\000r\000o\000m\000\040\000H\000a\000d\000r\000o\000n\000\040\000S\000c\000a\000t\000t\000e\000r\000i\000n\000g}{section.4}% 19
\BOOKMARK [3][-]{subsubsection.4.5.1}{\376\377\000F\000i\000x\000e\000d\000\040\000A\000n\000g\000l\000e\000\040\000o\000f\000\040\000O\000b\000s\000e\000r\000v\000a\000t\000i\000o\000n\000\040\000w\000i\000t\000h\000\040\000C\000h\000a\000n\000g\000i\000n\000g\000\040\000E\000n\000e\000r\000g\000y}{subsection.4.5}% 20
\BOOKMARK [2][-]{subsection.4.6}{\376\377\000C\000o\000n\000c\000l\000u\000s\000i\000o\000n\000\040\000f\000r\000o\000m\000\040\000C\000h\000a\000r\000g\000e\000\040\000R\000a\000d\000i\000u\000s\000\040\000E\000x\000p\000e\000r\000i\000m\000e\000n\000t\000s}{section.4}% 21
\BOOKMARK [2][-]{subsection.4.7}{\376\377\000N\000u\000c\000l\000e\000a\000r\000\040\000M\000a\000s\000s}{section.4}% 22
\BOOKMARK [2][-]{subsection.4.8}{\376\377\000D\000e\000f\000l\000e\000c\000t\000i\000o\000n\000\040\000S\000p\000e\000c\000t\000r\000o\000m\000e\000t\000e\000r}{section.4}% 23
\BOOKMARK [3][-]{subsubsection.4.8.1}{\376\377\000C\000a\000l\000c\000u\000l\000a\000t\000i\000n\000g\000\040\000t\000h\000e\000\040\000M\000a\000s\000s}{subsection.4.8}% 24
\BOOKMARK [1][-]{section.5}{\376\377\000B\000i\000n\000d\000i\000n\000g\000\040\000E\000n\000e\000r\000g\000y}{}% 25
\BOOKMARK [2][-]{subsection.5.1}{\376\377\000F\000o\000r\000m\000u\000l\000a\000s\000\040\000a\000n\000d\000\040\000D\000e\000f\000i\000n\000i\000t\000i\000o\000n\000s}{section.5}% 26
\BOOKMARK [2][-]{subsection.5.2}{\376\377\000M\000a\000s\000s\000\040\000o\000f\000\040\000t\000h\000e\000\040\000N\000u\000c\000l\000e\000u\000s}{section.5}% 27
\BOOKMARK [2][-]{subsection.5.3}{\376\377\000N\000u\000c\000l\000e\000a\000r\000\040\000B\000i\000n\000d\000i\000n\000g\000\040\000E\000n\000e\000r\000g\000y\000\040\000\050\000B\000.\000E\000.\000\051}{section.5}% 28
\BOOKMARK [3][-]{subsubsection.5.3.1}{}{subsection.5.3}% 29
\BOOKMARK [2][-]{subsection.5.4}{\376\377\000N\000u\000c\000l\000e\000a\000r\000\040\000S\000e\000p\000a\000r\000a\000t\000i\000o\000n\000\040\000E\000n\000e\000r\000g\000y}{section.5}% 30
\BOOKMARK [3][-]{subsubsection.5.4.1}{\376\377\000N\000e\000u\000t\000r\000o\000n\000\040\000S\000e\000p\000a\000r\000a\000t\000i\000o\000n\000\040\000E\000n\000e\000r\000g\000y}{subsection.5.4}% 31
\BOOKMARK [3][-]{subsubsection.5.4.2}{\376\377\000P\000r\000o\000t\000o\000n\000\040\000S\000e\000p\000a\000r\000a\000t\000i\000o\000n\000\040\000E\000n\000e\000r\000g\000y}{subsection.5.4}% 32
\BOOKMARK [2][-]{subsection.5.5}{\376\377\000S\000e\000m\000i\000-\000E\000m\000p\000i\000r\000i\000c\000a\000l\000\040\000M\000a\000s\000s\000\040\000F\000o\000r\000m\000u\000l\000a}{section.5}% 33
\BOOKMARK [3][-]{subsubsection.5.5.1}{\376\377\000E\000x\000p\000l\000a\000n\000a\000t\000i\000o\000n\000\040\000o\000f\000\040\000t\000h\000e\000\040\000T\000e\000r\000m\000s\000\040\000i\000n\000\040\000t\000h\000e\000\040\000S\000e\000m\000i\000-\000E\000m\000p\000i\000r\000i\000c\000a\000l\000\040\000M\000a\000s\000s\000\040\000F\000o\000r\000m\000u\000l\000a}{subsection.5.5}% 34
\BOOKMARK [3][-]{subsubsection.5.5.2}{\376\377\000S\000E\000M\000F\000\040\000C\000o\000n\000c\000l\000u\000s\000i\000o\000n}{subsection.5.5}% 35
\BOOKMARK [2][-]{subsection.5.6}{\376\377\000M\000a\000s\000s\000\040\000P\000a\000r\000a\000b\000o\000l\000a\000s\000\040\000o\000f\000\040\000I\000s\000o\000b\000a\000r\000s}{section.5}% 36
\BOOKMARK [3][-]{subsubsection.5.6.1}{\376\377\000F\000i\000n\000d\000i\000n\000g\000\040\000t\000h\000e\000\040\000M\000i\000n\000i\000m\000u\000m\000\040\000o\000f\000\040\000t\000h\000e\000\040\000M\000a\000s\000s\000\040\000P\000a\000r\000a\000b\000o\000l\000a}{subsection.5.6}% 37
\BOOKMARK [3][-]{subsubsection.5.6.2}{\376\377\000V\000a\000l\000l\000e\000y\000\040\000o\000f\000\040\000\050\000b\000e\000t\000a\000\051\000\040\000s\000t\000a\000b\000i\000l\000i\000t\000y}{subsection.5.6}% 38
\BOOKMARK [1][-]{section.6}{\376\377\000A\000n\000g\000u\000l\000a\000r\000\040\000M\000o\000m\000e\000n\000t\000u\000m\000\040\000\046\000\040\000P\000a\000r\000i\000t\000y}{}% 39
\BOOKMARK [2][-]{subsection.6.1}{\376\377\000A\000n\000g\000u\000l\000a\000r\000\040\000M\000o\000m\000e\000n\000t\000u\000m\000\040\000o\000f\000\040\000t\000h\000e\000\040\000N\000u\000c\000l\000e\000u\000s}{section.6}% 40
\BOOKMARK [3][-]{subsubsection.6.1.1}{\376\377\000O\000r\000b\000i\000t\000a\000l\000\040\000A\000n\000g\000u\000l\000a\000r\000\040\000M\000o\000m\000e\000n\000t\000u\000m}{subsection.6.1}% 41
\BOOKMARK [3][-]{subsubsection.6.1.2}{\376\377\000S\000p\000i\000n}{subsection.6.1}% 42
\BOOKMARK [3][-]{subsubsection.6.1.3}{\376\377\000T\000o\000t\000a\000l\000\040\000A\000n\000g\000u\000l\000a\000r\000\040\000M\000o\000m\000e\000n\000t\000u\000m}{subsection.6.1}% 43
\BOOKMARK [3][-]{subsubsection.6.1.4}{\376\377\000T\000o\000t\000a\000l\000\040\000A\000n\000g\000u\000l\000a\000r\000\040\000M\000o\000m\000e\000n\000t\000u\000m\000\040\000o\000f\000\040\000t\000h\000e\000\040\000N\000u\000c\000l\000e\000u\000s}{subsection.6.1}% 44
\BOOKMARK [2][-]{subsection.6.2}{\376\377\000P\000a\000r\000i\000t\000y}{section.6}% 45
\BOOKMARK [3][-]{subsubsection.6.2.1}{\376\377\000S\000p\000l\000i\000t\000t\000i\000n\000g\000\040\000t\000h\000e\000\040\000W\000a\000v\000e\000\040\000F\000u\000n\000c\000t\000i\000o\000n}{subsection.6.2}% 46
\BOOKMARK [1][-]{section.7}{\376\377\000E\000l\000e\000c\000t\000r\000i\000c\000\040\000a\000n\000d\000\040\000M\000a\000g\000n\000e\000t\000i\000c\000\040\000M\000o\000m\000e\000n\000t\000s}{}% 47
\BOOKMARK [2][-]{subsection.7.1}{\376\377\000P\000a\000r\000i\000t\000y\000\040\000S\000e\000l\000e\000c\000t\000i\000o\000n\000\040\000R\000u\000l\000e\000s}{section.7}% 48
\BOOKMARK [3][-]{subsubsection.7.1.1}{\376\377\000E\000l\000e\000c\000t\000r\000i\000c\000\040\000D\000i\000p\000o\000l\000e\000\040\000M\000o\000m\000e\000n\000t\000s\000\040\000E\0000}{subsection.7.1}% 49
\BOOKMARK [3][-]{subsubsection.7.1.2}{\376\377\000M\000a\000g\000n\000e\000t\000i\000c\000\040\000D\000i\000p\000o\000l\000e\000\040\000M\000o\000m\000e\000n\000t\000s\000\040\000M\0001}{subsection.7.1}% 50
\BOOKMARK [2][-]{subsection.7.2}{\376\377\000B\000o\000h\000r\000\040\000M\000a\000g\000n\000e\000t\000o\000n\000\040\000\046\000\040\000N\000u\000c\000l\000e\000a\000r\000\040\000M\000a\000g\000n\000e\000t\000o\000n}{section.7}% 51
\BOOKMARK [2][-]{subsection.7.3}{\376\377\000M\000a\000g\000n\000e\000t\000i\000c\000\040\000M\000o\000m\000e\000n\000t\000s\000\040\000o\000f\000\040\000N\000u\000c\000l\000e\000i}{section.7}% 52
\BOOKMARK [3][-]{subsubsection.7.3.1}{\376\377\000N\000u\000c\000l\000e\000a\000r\000\040\000S\000t\000r\000u\000c\000t\000u\000r\000e\000\040\000f\000r\000o\000m\000\040\000M\000a\000g\000n\000e\000t\000i\000c\000\040\000M\000o\000m\000e\000n\000t\000s}{subsection.7.3}% 53
\BOOKMARK [2][-]{subsection.7.4}{\376\377\000E\000l\000e\000c\000t\000r\000i\000c\000\040\000Q\000u\000a\000d\000r\000u\000p\000o\000l\000e\000\040\000M\000o\000m\000e\000n\000t\000s\000\040\000E\0002\000\040\000\046\000\040\000S\000h\000a\000p\000e\000\040\000o\000f\000\040\000t\000h\000e\000\040\000N\000u\000c\000l\000e\000u\000s}{section.7}% 54
\BOOKMARK [2][-]{subsection.7.5}{\376\377\000E\000x\000a\000m\000p\000l\000e\000:\000\040\000C\000a\000l\000c\000u\000l\000a\000t\000i\000n\000g\000\040\000P\000a\000r\000i\000t\000y\000\040\000o\000f\000\040\000S\000t\000a\000t\000e}{section.7}% 55
\BOOKMARK [2][-]{subsection.7.6}{\376\377\000L\000e\000v\000e\000l\000\040\000S\000c\000h\000e\000m\000e\000s\000\040\000\046\000\040\000E\000x\000c\000i\000t\000e\000d\000\040\000S\000t\000a\000t\000e\000s}{section.7}% 56
\BOOKMARK [1][-]{section.8}{\376\377\000N\000u\000c\000l\000e\000a\000r\000\040\000F\000o\000r\000c\000e}{}% 57
\BOOKMARK [2][-]{subsection.8.1}{\376\377\000E\000f\000f\000e\000c\000t\000s\000\040\000o\000f\000\040\000t\000h\000e\000\040\000S\000h\000o\000r\000t\000\040\000R\000a\000n\000g\000e\000\040\000o\000f\000\040\000t\000h\000e\000\040\000S\000t\000r\000o\000n\000g\000\040\000F\000o\000r\000c\000e}{section.8}% 58
\BOOKMARK [2][-]{subsection.8.2}{\376\377\000D\000e\000u\000t\000e\000r\000o\000n}{section.8}% 59
\BOOKMARK [3][-]{subsubsection.8.2.1}{\376\377\000D\000e\000u\000t\000e\000r\000o\000n\000\040\000B\000i\000n\000d\000i\000n\000g\000\040\000E\000n\000e\000r\000g\000y}{subsection.8.2}% 60
\BOOKMARK [3][-]{subsubsection.8.2.2}{\376\377\000N\000u\000c\000l\000e\000o\000n\000-\000N\000u\000c\000l\000e\000o\000n\000\040\000P\000o\000t\000e\000n\000t\000i\000a\000l}{subsection.8.2}% 61
\BOOKMARK [3][-]{subsubsection.8.2.3}{\376\377\000D\000e\000u\000t\000e\000r\000o\000n\000\040\000S\000p\000i\000n\000\040\000a\000n\000d\000\040\000P\000a\000r\000i\000t\000y}{subsection.8.2}% 62
\BOOKMARK [1][-]{section.9}{\376\377\000T\000h\000e\000\040\000S\000t\000a\000n\000d\000a\000r\000d\000\040\000M\000o\000d\000e\000l}{}% 63
\BOOKMARK [2][-]{subsection.9.1}{\376\377\000T\000h\000e\000\040\000P\000a\000r\000t\000i\000c\000l\000e\000s}{section.9}% 64
\BOOKMARK [2][-]{subsection.9.2}{\376\377\000T\000h\000e\000\040\000F\000o\000r\000c\000e\000s}{section.9}% 65
\BOOKMARK [1][-]{section.10}{\376\377\000F\000e\000y\000n\000m\000a\000n\000\040\000D\000i\000a\000g\000r\000a\000m\000s}{}% 66
\BOOKMARK [2][-]{subsection.10.1}{\376\377\000C\000h\000a\000r\000g\000e\000s}{section.10}% 67
\BOOKMARK [3][-]{subsubsection.10.1.1}{\376\377\000E\000x\000a\000m\000p\000l\000e\000s}{subsection.10.1}% 68
\BOOKMARK [2][-]{subsection.10.2}{\376\377\000A\000l\000l\000o\000w\000e\000d\000\040\000V\000e\000r\000t\000i\000c\000e\000s\000\040\000\050\000f\000i\000g\000:\000\040\000f\000e\000y\000n\000m\000a\000n\000d\000i\000a\000g\000r\000a\000m\000v\000e\000r\000t\000i\000c\000e\000s\000\051}{section.10}% 69
\BOOKMARK [3][-]{subsubsection.10.2.1}{\376\377\000A\000l\000l\000o\000w\000e\000d\000\040\000E\000M\000\040\000V\000e\000r\000t\000i\000c\000e\000s}{subsection.10.2}% 70
\BOOKMARK [3][-]{subsubsection.10.2.2}{\376\377\000A\000l\000l\000o\000w\000e\000d\000\040\000S\000t\000r\000o\000n\000g\000\040\000V\000e\000r\000t\000i\000c\000e\000s}{subsection.10.2}% 71
\BOOKMARK [3][-]{subsubsection.10.2.3}{\376\377\000N\000e\000u\000t\000r\000a\000l\000\040\000W\000e\000a\000k\000\040\000V\000e\000r\000t\000i\000c\000e\000s}{subsection.10.2}% 72
\BOOKMARK [3][-]{subsubsection.10.2.4}{\376\377\000C\000h\000a\000r\000g\000e\000d\000\040\000W\000e\000a\000k\000\040\000V\000e\000r\000t\000i\000c\000e\000s}{subsection.10.2}% 73
\BOOKMARK [3][-]{subsubsection.10.2.5}{\376\377\000H\000i\000g\000g\000s\000\040\000B\000o\000s\000o\000n\000\040\000V\000e\000r\000t\000i\000c\000e\000s}{subsection.10.2}% 74
\BOOKMARK [3][-]{subsubsection.10.2.6}{\376\377\0004\000-\000L\000i\000n\000e\000\040\000V\000e\000r\000t\000i\000c\000e\000s}{subsection.10.2}% 75
\BOOKMARK [2][-]{subsection.10.3}{\376\377\000C\000r\000e\000a\000t\000i\000n\000g\000\040\000F\000e\000y\000n\000m\000a\000n\000\040\000D\000i\000a\000g\000r\000a\000m\000s}{section.10}% 76
\BOOKMARK [3][-]{subsubsection.10.3.1}{\376\377\000T\000i\000p\000\040\000f\000o\000r\000\040\000C\000h\000o\000o\000s\000i\000n\000g\000\040\000T\000i\000m\000e\000-\000O\000r\000d\000e\000r\000i\000n\000g}{subsection.10.3}% 77
\BOOKMARK [3][-]{subsubsection.10.3.2}{\376\377\000C\000u\000r\000r\000e\000n\000t\000\040\000i\000n\000t\000e\000r\000a\000c\000t\000i\000o\000n\000s}{subsection.10.3}% 78
\BOOKMARK [1][-]{section.11}{\376\377\000R\000e\000l\000a\000t\000i\000v\000i\000t\000y\000\040\000a\000n\000d\000\040\000A\000n\000t\000i\000-\000P\000a\000r\000t\000i\000c\000l\000e\000s}{}% 79
\BOOKMARK [2][-]{subsection.11.1}{\376\377\000D\000i\000r\000a\000c\000\040\000E\000q\000u\000a\000t\000i\000o\000n}{section.11}% 80
\BOOKMARK [2][-]{subsection.11.2}{\376\377\000S\000y\000m\000m\000e\000t\000r\000i\000e\000s\000\040\000a\000n\000d\000\040\000C\000o\000n\000s\000e\000r\000v\000a\000t\000i\000o\000n\000\040\000L\000a\000w\000s}{section.11}% 81
\BOOKMARK [3][-]{subsubsection.11.2.1}{\376\377\000S\000y\000m\000m\000e\000t\000r\000i\000e\000s\000\040\000a\000n\000d\000\040\000C\000o\000n\000s\000e\000r\000v\000e\000d\000\040\000Q\000u\000a\000n\000t\000i\000t\000i\000e\000s}{subsection.11.2}% 82
\BOOKMARK [3][-]{subsubsection.11.2.2}{\376\377\000I\000n\000t\000r\000i\000n\000s\000i\000c\000\040\000P\000a\000r\000i\000t\000y}{subsection.11.2}% 83
\BOOKMARK [3][-]{subsubsection.11.2.3}{\376\377\000P\000a\000r\000i\000t\000y\000\040\000o\000f\000\040\000B\000o\000u\000n\000d\000\040\000S\000t\000a\000t\000e\000s}{subsection.11.2}% 84
\BOOKMARK [3][-]{subsubsection.11.2.4}{\376\377\000C\000h\000a\000r\000g\000e\000\040\000C\000o\000n\000j\000u\000g\000a\000t\000i\000o\000n}{subsection.11.2}% 85
\BOOKMARK [3][-]{subsubsection.11.2.5}{\376\377\000N\000a\000t\000u\000r\000a\000l\000\040\000U\000n\000i\000t\000s}{subsection.11.2}% 86
\BOOKMARK [2][-]{subsection.11.3}{\376\377\000S\000c\000a\000t\000t\000e\000r\000i\000n\000g}{section.11}% 87
\BOOKMARK [3][-]{subsubsection.11.3.1}{\376\377\000D\000e\000c\000a\000y}{subsection.11.3}% 88
\BOOKMARK [2][-]{subsection.11.4}{\376\377\000C\000r\000o\000s\000s\000-\000S\000e\000c\000t\000i\000o\000n}{section.11}% 89
\BOOKMARK [3][-]{subsubsection.11.4.1}{\376\377\000D\000i\000f\000f\000e\000r\000e\000n\000t\000i\000a\000l\000\040\000C\000r\000o\000s\000s\000-\000S\000e\000c\000t\000i\000o\000n}{subsection.11.4}% 90
\BOOKMARK [3][-]{subsubsection.11.4.2}{\376\377\000M\000e\000a\000s\000u\000r\000e\000d\000\040\000C\000r\000o\000s\000s\000-\000S\000e\000c\000t\000i\000o\000n}{subsection.11.4}% 91
\BOOKMARK [3][-]{subsubsection.11.4.3}{\376\377\000I\000n\000t\000e\000g\000r\000a\000t\000e\000d\000\040\000L\000u\000m\000i\000n\000o\000s\000i\000t\000y}{subsection.11.4}% 92
\BOOKMARK [3][-]{subsubsection.11.4.4}{\376\377\000S\000i\000n\000g\000l\000e\000\040\000B\000e\000a\000m\000\040\000P\000a\000r\000t\000i\000c\000l\000e\000\040\000a\000n\000d\000\040\000T\000a\000r\000g\000e\000t}{subsection.11.4}% 93
\BOOKMARK [3][-]{subsubsection.11.4.5}{\376\377\000B\000o\000r\000n\000\040\000A\000p\000p\000r\000o\000x\000i\000m\000a\000t\000i\000o\000n}{subsection.11.4}% 94
\BOOKMARK [3][-]{subsubsection.11.4.6}{\376\377\000N\000a\000t\000u\000r\000a\000l\000\040\000U\000n\000i\000t\000s\000\040\000a\000n\000d\000\040\000C\000r\000o\000s\000s\000\040\000S\000e\000c\000t\000i\000o\000n}{subsection.11.4}% 95
\BOOKMARK [2][-]{subsection.11.5}{\376\377\000D\000e\000n\000s\000i\000t\000y\000\040\000o\000f\000\040\000S\000t\000a\000t\000e\000s\000\040\000\050\000E\000n\000e\000r\000g\000y\000\040\000S\000t\000a\000t\000e\000s\000\051}{section.11}% 96
\BOOKMARK [3][-]{subsubsection.11.5.1}{\376\377\000C\000o\000n\000c\000l\000u\000s\000i\000o\000n}{subsection.11.5}% 97
\BOOKMARK [2][-]{subsection.11.6}{\376\377\000T\000h\000e\000o\000r\000e\000t\000i\000c\000a\000l\000\040\000C\000r\000o\000s\000s\000-\000S\000e\000c\000t\000i\000o\000n\000\040\000f\000o\000r\000\040\000a\000b\000\040\041\222\000\040\000c\000d}{section.11}% 98
\BOOKMARK [1][-]{section.12}{\376\377\000P\000a\000r\000t\000i\000c\000l\000e\000\040\000P\000h\000e\000n\000o\000m\000e\000n\000o\000l\000o\000g\000y}{}% 99
\BOOKMARK [2][-]{subsection.12.1}{\376\377\000L\000e\000p\000t\000o\000n\000s}{section.12}% 100
\BOOKMARK [1][-]{section.13}{\376\377\000R\000a\000n\000g\000e\000\040\000o\000f\000\040\000F\000o\000r\000c\000e\000s\000\040\000a\000n\000d\000\040\000A\000m\000p\000l\000i\000t\000u\000d\000e\000s}{}% 101
\BOOKMARK [2][-]{subsection.13.1}{\376\377\000Y\000u\000k\000a\000w\000a\000\040\000P\000o\000t\000e\000n\000t\000i\000a\000l}{section.13}% 102
\BOOKMARK [2][-]{subsection.13.2}{\376\377\000Y\000u\000k\000a\000w\000a\000\040\000A\000m\000p\000l\000i\000t\000u\000d\000e}{section.13}% 103
\BOOKMARK [2][-]{subsection.13.3}{\376\377\000A\000m\000p\000l\000i\000t\000u\000d\000e\000\040\000o\000f\000\040\000W\000-\000b\000o\000s\000o\000n\000\040\000E\000x\000c\000h\000a\000n\000g\000e}{section.13}% 104
\BOOKMARK [2][-]{subsection.13.4}{\376\377\000A\000m\000p\000l\000i\000t\000u\000d\000e\000\040\000o\000f\000\040\000O\000t\000h\000e\000r\000\040\000e\000x\000c\000h\000a\000n\000g\000e\000s}{section.13}% 105
\BOOKMARK [2][-]{subsection.13.5}{\376\377\000M\000u\000o\000n\000\040\000v\000s\000\040\000T\000a\000u\000\040\000D\000e\000c\000a\000y\000s}{section.13}% 106
\BOOKMARK [1][-]{section.14}{\376\377\000R\000e\000s\000o\000n\000a\000n\000c\000e\000\040\000F\000o\000r\000m\000a\000t\000i\000o\000n\000\040\000a\000n\000d\000\040\000D\000e\000c\000a\000y}{}% 107
\BOOKMARK [2][-]{subsubsection.14.0.1}{\376\377\000W\000i\000d\000t\000h\000\040\000a\000n\000d\000\040\000L\000i\000f\000e\000t\000i\000m\000e}{section.14}% 108
\BOOKMARK [1][-]{section.15}{\376\377\000N\000e\000u\000t\000r\000i\000n\000o\000\040\000M\000i\000x\000i\000n\000g\000\040\000a\000n\000d\000\040\000O\000s\000c\000i\000l\000l\000a\000t\000i\000o\000n\000s}{}% 109
\BOOKMARK [2][-]{subsection.15.1}{\376\377\000N\000e\000u\000t\000r\000i\000n\000o\000\040\000M\000i\000x\000i\000n\000g}{section.15}% 110
\BOOKMARK [3][-]{subsubsection.15.1.1}{\376\377\0003\000-\000g\000e\000n\000e\000r\000a\000t\000i\000o\000n\000\040\000m\000i\000x\000i\000n\000g}{subsection.15.1}% 111
\BOOKMARK [2][-]{subsection.15.2}{\376\377\000P\000r\000o\000b\000a\000b\000i\000l\000i\000t\000y\000\040\000o\000f\000\040\000M\000i\000x\000i\000n\000g}{section.15}% 112
\BOOKMARK [3][-]{subsubsection.15.2.1}{\376\377\000C\000o\000n\000c\000l\000u\000s\000i\000o\000n}{subsection.15.2}% 113
\BOOKMARK [1][-]{section.16}{\376\377\000N\000u\000c\000l\000e\000a\000r\000\040\000M\000o\000d\000e\000l\000s}{}% 114
\BOOKMARK [2][-]{subsection.16.1}{\376\377\000L\000i\000q\000u\000i\000d\000-\000D\000r\000o\000p\000\040\000M\000o\000d\000e\000l}{section.16}% 115
\BOOKMARK [2][-]{subsection.16.2}{\376\377\000F\000e\000r\000m\000i\000-\000G\000a\000s\000\040\000m\000o\000d\000e\000l\000\040\000f\000i\000g\000:\000\040\000F\000e\000r\000m\000i\000-\000G\000a\000s\000m\000o\000d\000e\000l}{section.16}% 116
\BOOKMARK [2][-]{subsection.16.3}{\376\377\000S\000h\000e\000l\000l\000\040\000M\000o\000d\000e\000l\000\040\000f\000i\000g\000:\000\040\000s\000h\000e\000l\000l\000m\000o\000d\000e\000l\000e\000n\000e\000r\000g\000y\000l\000e\000v\000e\000l\000s}{section.16}% 117
\BOOKMARK [3][-]{subsubsection.16.3.1}{\376\377\000S\000i\000m\000p\000l\000i\000f\000y\000i\000n\000g\000\040\000t\000h\000e\000\040\000C\000o\000m\000p\000l\000e\000x\000\040\000S\000y\000s\000t\000e\000m\000\040\000t\000o\000\040\000a\000\040\000S\000i\000m\000p\000l\000e\000\040\000M\000o\000d\000e\000l\000\040\000f\000i\000g\000:\000\040\000c\000e\000n\000t\000r\000a\000l\000p\000o\000t\000s\000i\000m\000p\000l\000i\000f\000i\000c\000a\000t\000i\000o\000n}{subsection.16.3}% 118
\BOOKMARK [3][-]{subsubsection.16.3.2}{\376\377\000F\000i\000n\000d\000i\000n\000g\000\040\000t\000h\000e\000\040\000H\000a\000m\000i\000l\000t\000o\000n\000i\000a\000n}{subsection.16.3}% 119
\BOOKMARK [1][-]{section.17}{\376\377\000R\000e\000l\000a\000t\000i\000v\000i\000s\000t\000i\000c\000\040\000K\000i\000n\000e\000m\000a\000t\000i\000c\000s}{}% 120
\BOOKMARK [2][-]{subsection.17.1}{\376\377\000F\000o\000u\000r\000-\000V\000e\000c\000t\000o\000r\000s}{section.17}% 121
\BOOKMARK [3][-]{subsubsection.17.1.1}{\376\377\000D\000o\000t\000\040\000p\000r\000o\000d\000u\000c\000t}{subsection.17.1}% 122
\BOOKMARK [3][-]{subsubsection.17.1.2}{\376\377\000D\000o\000t\000\040\000p\000r\000o\000d\000u\000c\000t\000\040\000i\000n\000\040\000d\000i\000f\000f\000e\000r\000e\000n\000t\000\040\000r\000e\000f\000e\000r\000e\000n\000c\000e\000\040\000f\000r\000a\000m\000e\000s}{subsection.17.1}% 123
\BOOKMARK [3][-]{subsubsection.17.1.3}{\376\377\000A\000t\000t\000r\000i\000b\000u\000t\000e\000s\000\040\000S\000u\000m\000m\000a\000r\000y}{subsection.17.1}% 124
\BOOKMARK [2][-]{subsection.17.2}{\376\377\000F\000o\000u\000r\000-\000M\000o\000m\000e\000n\000t\000u\000m\000\040\000T\000r\000a\000n\000s\000f\000e\000r}{section.17}% 125
\BOOKMARK [2][-]{subsection.17.3}{\376\377\000I\000n\000v\000a\000r\000i\000a\000n\000t\000\040\000M\000a\000s\000s\000\040\000o\000f\000\040\000V\000i\000r\000t\000u\000a\000l\000\040\000P\000h\000o\000t\000o\000n}{section.17}% 126
\BOOKMARK [3][-]{subsubsection.17.3.1}{\376\377\000F\000i\000x\000e\000d\000-\000T\000a\000r\000g\000e\000t\000\040\000E\000x\000p\000e\000r\000i\000m\000e\000n\000t}{subsection.17.3}% 127
\BOOKMARK [1][-]{section.18}{\376\377\000P\000a\000r\000t\000i\000c\000l\000e\000\040\000A\000c\000c\000e\000l\000e\000r\000a\000t\000o\000r\000s}{}% 128
\BOOKMARK [2][-]{subsection.18.1}{\376\377\000L\000i\000n\000e\000a\000r\000\040\000A\000c\000c\000e\000l\000e\000r\000a\000t\000o\000r\000s}{section.18}% 129
\BOOKMARK [2][-]{subsection.18.2}{\376\377\000C\000y\000c\000l\000o\000t\000r\000o\000n\000s}{section.18}% 130
\BOOKMARK [2][-]{subsection.18.3}{\376\377\000F\000o\000c\000u\000s\000i\000n\000g\000\040\000o\000f\000\040\000P\000a\000r\000t\000i\000c\000l\000e\000s}{section.18}% 131
\BOOKMARK [2][-]{subsection.18.4}{\376\377\000C\000h\000a\000r\000a\000c\000t\000e\000r\000i\000s\000t\000i\000c\000s\000\040\000o\000f\000\040\000A\000c\000c\000e\000l\000e\000r\000a\000t\000o\000r\000s}{section.18}% 132
\BOOKMARK [2][-]{subsection.18.5}{\376\377\000L\000a\000r\000g\000e\000\040\000H\000a\000d\000r\000o\000n\000\040\000C\000o\000l\000l\000i\000d\000e\000r\000\040\000\050\000L\000H\000C\000\051}{section.18}% 133
\BOOKMARK [2][-]{subsection.18.6}{\376\377\000P\000a\000r\000t\000i\000c\000l\000e\000\040\000T\000y\000p\000e\000s}{section.18}% 134
\BOOKMARK [2][-]{subsection.18.7}{\376\377\000L\000i\000m\000i\000t\000a\000t\000i\000o\000n\000s}{section.18}% 135
\BOOKMARK [1][-]{section.19}{\376\377\000N\000e\000u\000t\000r\000i\000n\000o\000\040\000M\000i\000x\000i\000n\000g\000\040\000C\000o\000n\000t\000i\000n\000u\000e\000d}{}% 136
\BOOKMARK [2][-]{subsection.19.1}{\376\377\000N\000e\000u\000t\000r\000i\000n\000o\000\040\000M\000i\000x\000i\000n\000g\000\040\000i\000n\000\040\000P\000r\000a\000c\000t\000i\000c\000e}{section.19}% 137
\BOOKMARK [2][-]{subsection.19.2}{\376\377\000Q\000u\000a\000r\000k\000\040\000M\000i\000x\000i\000n\000g}{section.19}% 138
\BOOKMARK [3][-]{subsubsection.19.2.1}{\376\377\000Q\000u\000a\000r\000k\000\040\000N\000u\000m\000b\000e\000r\000\040\000\046\000\040\000F\000l\000a\000v\000o\000u\000r\000\040\000C\000o\000n\000s\000e\000r\000v\000a\000t\000i\000o\000n}{subsection.19.2}% 139
\BOOKMARK [2][-]{subsection.19.3}{\376\377\000H\000a\000d\000r\000o\000n\000s}{section.19}% 140
\BOOKMARK [2][-]{subsection.19.4}{\376\377\000I\000s\000o\000s\000p\000i\000n}{section.19}% 141
\BOOKMARK [3][-]{subsubsection.19.4.1}{\376\377\000I\000s\000o\000s\000p\000i\000n\000\040\000D\000o\000u\000b\000l\000e\000t}{subsection.19.4}% 142
\BOOKMARK [2][-]{subsection.19.5}{\376\377\000I\000s\000o\000s\000p\000i\000n\000\040\000M\000a\000t\000h\000e\000m\000a\000t\000i\000c\000s}{section.19}% 143
\BOOKMARK [3][-]{subsubsection.19.5.1}{\376\377\000I\000s\000o\000s\000p\000i\000n\000\040\000o\000f\000\040\000D\000e\000u\000t\000e\000r\000o\000n}{subsection.19.5}% 144
\BOOKMARK [3][-]{subsubsection.19.5.2}{\376\377\000I\000s\000o\000s\000p\000i\000n\000\040\000o\000f\000\040\000a\000\040\000P\000i\000o\000n\000\040\000a\000n\000d\000\040\000n\000u\000c\000l\000e\000o\000n}{subsection.19.5}% 145
\BOOKMARK [1][-]{section.20}{\376\377\000S\000p\000e\000c\000t\000r\000o\000s\000c\000o\000p\000i\000c\000\040\000N\000o\000t\000a\000t\000i\000o\000n}{}% 146
\BOOKMARK [2][-]{subsection.20.1}{\376\377\000U\000s\000e\000-\000c\000a\000s\000e\000\040\000E\000x\000a\000m\000p\000l\000e\000:\000\040\000D\000e\000u\000t\000e\000r\000o\000n}{section.20}% 147
\BOOKMARK [1][-]{section.21}{\376\377\000Q\000u\000a\000r\000k\000\040\000M\000o\000d\000e\000l}{}% 148
\BOOKMARK [2][-]{subsection.21.1}{\376\377\000H\000a\000d\000r\000o\000n\000\040\000S\000p\000e\000c\000t\000r\000o\000s\000c\000o\000p\000y}{section.21}% 149
\BOOKMARK [3][-]{subsubsection.21.1.1}{\376\377\000M\000e\000s\000o\000n\000s}{subsection.21.1}% 150
\BOOKMARK [3][-]{subsubsection.21.1.2}{\376\377\000B\000a\000r\000y\000o\000n\000s}{subsection.21.1}% 151
\BOOKMARK [2][-]{subsection.21.2}{\376\377\000I\000n\000t\000r\000i\000n\000s\000i\000c\000\040\000P\000a\000r\000i\000t\000y\000\040\000o\000f\000\040\000H\000a\000d\000r\000o\000n\000s}{section.21}% 152
\BOOKMARK [2][-]{subsection.21.3}{\376\377\000C\000h\000a\000r\000g\000e\000\040\000C\000o\000n\000j\000u\000g\000a\000t\000i\000o\000n\000\040\000\050\000p\000a\000r\000t\000i\000c\000l\000e\000\040\041\224\000\040\000a\000n\000t\000i\000-\000p\000a\000r\000t\000i\000c\000l\000e\000\051}{section.21}% 153
\BOOKMARK [3][-]{subsubsection.21.3.1}{\376\377\000C\000-\000p\000a\000r\000i\000t\000y\000\040\000o\000f\000\040\000p\000i\000o\000n\000\040\003\300\0000}{subsection.21.3}% 154
\BOOKMARK [3][-]{subsubsection.21.3.2}{\376\377\000C\000-\000p\000a\000r\000i\000t\000y\000\040\000o\000f\000\040\003\267}{subsection.21.3}% 155
\BOOKMARK [3][-]{subsubsection.21.3.3}{\376\377\000C\000-\000p\000a\000r\000i\000t\000y\000\040\000o\000f\000\040\000S\000p\000i\000n\000-\0001\000/\0002\000\040\000F\000e\000r\000m\000i\000o\000n\000s}{subsection.21.3}% 156
\BOOKMARK [2][-]{subsection.21.4}{\376\377\000Q\000u\000a\000n\000t\000u\000m\000\040\000N\000u\000m\000b\000e\000r\000s}{section.21}% 157
\BOOKMARK [3][-]{subsubsection.21.4.1}{\376\377\000H\000a\000d\000r\000o\000n\000s\000\040\000W\000i\000t\000h\000\040\000C\000\040\000=\000\040\000B\000\040\000=\000\040\000T\000\040\000=\000\040\0000}{subsection.21.4}% 158
\BOOKMARK [3][-]{subsubsection.21.4.2}{\376\377\000L\000i\000g\000h\000t\000\040\000B\000a\000r\000y\000o\000n\000\040\000M\000u\000l\000t\000i\000p\000l\000e\000t\000s\000\040\000L\0001\0002\000\040\000=\000\040\000L\0003\000\040\000=\000\040\0000\000\040\000\050\000f\000i\000g\000:\000\040\000l\000i\000g\000h\000t\000b\000a\000r\000y\000o\000n\000m\000u\000l\000t\000i\000p\000l\000e\000t\000s\000\051}{subsection.21.4}% 159
\BOOKMARK [3][-]{subsubsection.21.4.3}{\376\377\000L\000i\000g\000h\000t\000\040\000M\000e\000s\000o\000n\000s\000\040\000N\000o\000n\000e\000t\000s\000\040\000\050\000f\000i\000g\000:\000\040\000l\000i\000g\000h\000t\000m\000e\000s\000o\000n\000s\000n\000o\000n\000e\000t\000s\000,\000f\000i\000g\000:\000\040\000q\000u\000a\000r\000k\000c\000o\000n\000t\000e\000n\000t\000\051}{subsection.21.4}% 160
\BOOKMARK [2][-]{subsection.21.5}{\376\377\000B\000a\000r\000y\000o\000n\000\040\000Q\000u\000a\000r\000k\000-\000S\000p\000i\000n\000\040\000W\000a\000v\000e\000\040\000F\000u\000n\000c\000t\000i\000o\000n\000s}{section.21}% 161
\BOOKMARK [2][-]{subsection.21.6}{\376\377\000H\000e\000a\000v\000y\000\040\000Q\000u\000a\000r\000k\000-\000S\000t\000a\000t\000e\000s\000\040\000\050\000b\000,\000c\000\051}{section.21}% 162
\BOOKMARK [3][-]{subsubsection.21.6.1}{\376\377\000H\000e\000a\000v\000y\000\040\000Q\000u\000a\000r\000k\000o\000n\000i\000a}{subsection.21.6}% 163
\BOOKMARK [3][-]{subsubsection.21.6.2}{\376\377\000E\000x\000o\000t\000i\000c\000\040\000H\000a\000d\000r\000o\000n\000s}{subsection.21.6}% 164
\BOOKMARK [1][-]{section.22}{\376\377\000Q\000u\000a\000r\000k\000\040\000D\000y\000n\000a\000m\000i\000c\000s\000:\000\040\000T\000h\000e\000\040\000S\000t\000r\000o\000n\000g\000\040\000I\000n\000t\000e\000r\000a\000c\000t\000i\000o\000n}{}% 165
\BOOKMARK [2][-]{subsection.22.1}{\376\377\000Q\000u\000a\000n\000t\000u\000m\000\040\000C\000h\000r\000o\000m\000o\000d\000y\000n\000a\000m\000i\000c\000s\000\040\000\050\000Q\000C\000D\000\051}{section.22}% 166
\BOOKMARK [3][-]{subsubsection.22.1.1}{\376\377\000C\000o\000l\000o\000r\000\040\000W\000a\000v\000e\000f\000u\000n\000c\000t\000i\000o\000n}{subsection.22.1}% 167
\BOOKMARK [3][-]{subsubsection.22.1.2}{\376\377\000C\000o\000l\000o\000r\000\040\000C\000o\000n\000f\000i\000m\000e\000n\000t}{subsection.22.1}% 168
\BOOKMARK [3][-]{subsubsection.22.1.3}{\376\377\000G\000l\000u\000o\000n\000\040\000C\000o\000l\000o\000r\000-\000S\000t\000a\000t\000e\000s}{subsection.22.1}% 169
\BOOKMARK [3][-]{subsubsection.22.1.4}{\376\377\000C\000o\000n\000f\000i\000n\000e\000m\000e\000n\000e\000t\000\040\000a\000n\000d\000\040\000H\000a\000d\000r\000o\000n\000i\000z\000a\000t\000i\000o\000n}{subsection.22.1}% 170
\BOOKMARK [3][-]{subsubsection.22.1.5}{\376\377\000C\000o\000n\000f\000i\000m\000e\000n\000t\000\040\000a\000n\000d\000\040\000A\000s\000y\000m\000p\000t\000o\000t\000i\000c\000\040\000F\000r\000e\000e\000d\000o\000m}{subsection.22.1}% 171
\BOOKMARK [2][-]{subsection.22.2}{\376\377\000R\000u\000n\000n\000i\000n\000g\000\040\000C\000o\000u\000p\000l\000i\000n\000g\000\040\000C\000o\000n\000s\000t\000a\000n\000t}{section.22}% 172
\BOOKMARK [3][-]{subsubsection.22.2.1}{\376\377\000R\000u\000n\000n\000i\000n\000g\000\040\003\261\000s\000\050\003\274\000\051\000\040\000a\000n\000d\000\040\000O\000Z\000I\000\040\000R\000u\000l\000e}{subsection.22.2}% 173
\BOOKMARK [1][-]{section.23}{\376\377\000S\000h\000e\000l\000l\000\040\000M\000o\000d\000e\000l\000\040\000C\000o\000n\000t\000i\000n\000u\000e\000d}{}% 174
\BOOKMARK [2][-]{subsection.23.1}{\376\377\000P\000r\000e\000d\000i\000c\000t\000i\000n\000g\000\040\000t\000h\000e\000\040\000M\000a\000g\000i\000c\000\040\000N\000u\000m\000b\000e\000r\000s}{section.23}% 175
\BOOKMARK [3][-]{subsubsection.23.1.1}{\376\377\000S\000e\000p\000a\000r\000a\000t\000i\000n\000g\000\040\000t\000h\000e\000\040\000W\000a\000v\000e\000\040\000F\000u\000n\000c\000t\000i\000o\000n}{subsection.23.1}% 176
\BOOKMARK [3][-]{subsubsection.23.1.2}{\376\377\000D\000e\000c\000i\000d\000i\000n\000g\000\040\000t\000h\000e\000\040\000F\000o\000r\000m\000\040\000o\000f\000\040\000t\000h\000e\000\040\000P\000o\000t\000e\000n\000t\000i\000a\000l}{subsection.23.1}% 177
\BOOKMARK [2][-]{subsection.23.2}{\376\377\000P\000r\000e\000d\000i\000c\000t\000i\000o\000n\000s\000\040\000o\000f\000\040\000t\000h\000e\000\040\000S\000h\000e\000l\000l\000\040\000M\000o\000d\000e\000l}{section.23}% 178
\BOOKMARK [3][-]{subsubsection.23.2.1}{\376\377\000G\000r\000o\000u\000n\000d\000\040\000S\000t\000a\000t\000e\000\040\000S\000p\000i\000n\000-\000P\000a\000r\000i\000t\000y\000\040\000o\000f\000\040\000E\000v\000e\000n\000-\000O\000d\000d\000\040\000N\000u\000c\000l\000e\000i}{subsection.23.2}% 179
\BOOKMARK [3][-]{subsubsection.23.2.2}{\376\377\000G\000r\000o\000u\000n\000d\000\040\000S\000t\000a\000t\000e\000\040\000S\000p\000i\000n\000-\000P\000a\000r\000i\000t\000y\000\040\000o\000f\000\040\000O\000d\000d\000-\000O\000d\000d\000\040\000N\000u\000c\000l\000e\000i}{subsection.23.2}% 180
\BOOKMARK [3][-]{subsubsection.23.2.3}{\376\377\000G\000r\000o\000u\000n\000d\000\040\000S\000t\000a\000t\000e\000\040\000S\000p\000i\000n\000-\000P\000a\000r\000i\000t\000y\000\040\000o\000f\000\040\000E\000v\000e\000n\000-\000E\000v\000e\000n\000\040\000N\000u\000c\000l\000e\000i}{subsection.23.2}% 181
\BOOKMARK [1][-]{section.24}{\376\377\000J\000e\000t\000s\000:\000\040\000Q\000u\000a\000r\000k\000s\000\040\000a\000n\000d\000\040\000G\000l\000u\000o\000n\000s}{}% 182
\BOOKMARK [2][-]{subsection.24.1}{\376\377\000E\000v\000i\000d\000e\000n\000c\000e\000\040\000f\000o\000r\000\040\0003\000\040\000Q\000u\000a\000r\000k\000\040\000C\000o\000l\000o\000r\000s}{section.24}% 183
\BOOKMARK [2][-]{subsection.24.2}{\376\377\000D\000i\000-\000j\000e\000t\000\040\000P\000r\000o\000d\000u\000c\000t\000i\000o\000n\000\040\000a\000t\000\040\000p\000\040\000p\000\040\000\050\000f\000i\000g\000:\000\040\000d\000i\000-\000j\000e\000t\000p\000r\000o\000d\000u\000c\000t\000i\000o\000n\000\051}{section.24}% 184
\BOOKMARK [3][-]{subsubsection.24.2.1}{\376\377\000R\000a\000p\000i\000d\000i\000t\000y}{subsection.24.2}% 185
\BOOKMARK [3][-]{subsubsection.24.2.2}{\376\377\000P\000s\000e\000u\000d\000o\000r\000a\000p\000i\000d\000i\000t\000y}{subsection.24.2}% 186
\BOOKMARK [3][-]{subsubsection.24.2.3}{\376\377\000T\000r\000a\000n\000s\000v\000e\000r\000s\000e\000\040\000M\000o\000m\000e\000n\000t\000u\000m}{subsection.24.2}% 187
\BOOKMARK [2][-]{subsection.24.3}{\376\377\000C\000u\000r\000r\000e\000n\000t\000\040\000a\000n\000d\000\040\000C\000o\000n\000s\000t\000i\000t\000u\000e\000n\000t\000\040\000Q\000u\000a\000r\000k\000s}{section.24}% 188
\BOOKMARK [1][-]{section.25}{\376\377\000W\000e\000a\000k\000\040\000I\000n\000t\000e\000r\000a\000c\000t\000i\000o\000n\000s\000\040\000a\000n\000d\000\040\000E\000l\000e\000c\000t\000r\000o\000w\000e\000a\000k\000\040\000U\000n\000i\000f\000i\000c\000a\000t\000i\000o\000n}{}% 189
\BOOKMARK [2][-]{subsection.25.1}{\376\377\000L\000o\000w\000\040\000a\000n\000d\000\040\000H\000i\000g\000h\000\040\000E\000n\000e\000r\000g\000y\000\040\000W\000e\000a\000k\000\040\000I\000n\000t\000e\000r\000a\000c\000t\000i\000o\000n\000s}{section.25}% 190
\BOOKMARK [2][-]{subsection.25.2}{\376\377\000C\000h\000a\000r\000g\000e\000d\000\040\000W\000e\000a\000k\000\040\000I\000n\000t\000e\000r\000a\000c\000t\000i\000o\000n\000s}{section.25}% 191
\BOOKMARK [3][-]{subsubsection.25.2.1}{\376\377\000B\000a\000s\000i\000c\000\040\000P\000r\000i\000n\000c\000i\000p\000l\000e\000s}{subsection.25.2}% 192
\BOOKMARK [2][-]{subsection.25.3}{\376\377\000Q\000u\000a\000r\000k\000\040\000M\000i\000x\000i\000n\000g}{section.25}% 193
\BOOKMARK [3][-]{subsubsection.25.3.1}{\376\377\000E\000x\000a\000m\000p\000l\000e\000s}{subsection.25.3}% 194
\BOOKMARK [2][-]{subsection.25.4}{}{section.25}% 195
\BOOKMARK [2][-]{subsection.25.5}{\376\377\000C\000a\000b\000i\000b\000b\000o\000\040\000S\000u\000p\000p\000r\000e\000s\000s\000i\000o\000n}{section.25}% 196
\BOOKMARK [2][-]{subsection.25.6}{\376\377\000C\000h\000a\000r\000m\000\040\000D\000e\000c\000a\000y\000s}{section.25}% 197
\BOOKMARK [3][-]{subsubsection.25.6.1}{\376\377\000C\000h\000a\000r\000m\000e\000d\000\040\000H\000a\000d\000r\000o\000n\000\040\000D\000e\000c\000a\000y\000s}{subsection.25.6}% 198
\BOOKMARK [2][-]{subsection.25.7}{\376\377\000S\000e\000l\000e\000c\000t\000i\000o\000n\000\040\000R\000u\000l\000e\000s\000\040\000f\000o\000r\000\040\000C\000h\000a\000r\000g\000e\000d\000\040\000W\000e\000a\000k\000\040\000D\000e\000c\000a\000y\000s}{section.25}% 199
\BOOKMARK [3][-]{subsubsection.25.7.1}{\376\377\000S\000e\000l\000e\000c\000t\000i\000o\000n\000\040\000r\000u\000l\000e\000s\000\040\000a\000p\000p\000l\000i\000e\000d\000\040\000t\000o\000\040\000h\000a\000d\000r\000o\000n\000i\000c\000\040\000p\000a\000r\000t\000\040\000o\000f\000\040\000c\000h\000a\000r\000g\000e\000d\000\040\000w\000e\000a\000k\000\040\000d\000e\000c\000a\000y\000s}{subsection.25.7}% 200
\BOOKMARK [3][-]{subsubsection.25.7.2}{\376\377\000S\000e\000m\000i\000-\000L\000e\000p\000t\000o\000n\000i\000c\000\040\000C\000h\000a\000r\000g\000e\000d\000\040\000W\000e\000a\000k\000\040\000D\000e\000c\000a\000y\000s\000\040\000\050\000f\000i\000g\000:\000\040\000s\000e\000m\000i\000-\000l\000e\000p\000t\000o\000n\000i\000c\000c\000h\000a\000r\000g\000e\000d\000w\000e\000a\000k\000d\000e\000c\000a\000y\000s\000\051}{subsection.25.7}% 201
\BOOKMARK [3][-]{subsubsection.25.7.3}{\376\377\000F\000u\000l\000l\000y\000\040\000H\000a\000d\000r\000o\000n\000i\000c\000\040\000C\000h\000a\000r\000g\000e\000d\000\040\000W\000e\000a\000k\000\040\000D\000e\000c\000a\000y\000s\000\040\000\050\000f\000i\000g\000:\000\040\000f\000u\000l\000l\000y\000h\000a\000d\000r\000o\000n\000i\000c\000c\000h\000a\000r\000g\000e\000d\000w\000e\000a\000k\000d\000e\000c\000a\000y\000s\000\051}{subsection.25.7}% 202
\BOOKMARK [3][-]{subsubsection.25.7.4}{\376\377\000S\000u\000m\000m\000a\000r\000y}{subsection.25.7}% 203
\BOOKMARK [3][-]{subsubsection.25.7.5}{\376\377\000C\000o\000n\000s\000e\000q\000u\000e\000n\000c\000e\000\040\000o\000f\000\040\000S\000e\000l\000e\000c\000t\000i\000o\000n\000\040\000R\000u\000l\000e\000s}{subsection.25.7}% 204
\BOOKMARK [2][-]{subsection.25.8}{\376\377\000T\000h\000r\000e\000e\000\040\000G\000e\000n\000e\000r\000a\000t\000i\000o\000n\000s}{section.25}% 205
\BOOKMARK [2][-]{subsection.25.9}{\376\377\000P\000a\000r\000t\000\040\0001\000\040\000E\000s\000s\000e\000n\000t\000i\000a\000l\000s}{section.25}% 206
\BOOKMARK [2][-]{subsection.25.10}{\376\377\000E\000l\000e\000c\000t\000r\000o\000w\000e\000a\000k\000\040\000U\000n\000i\000f\000i\000c\000a\000t\000i\000o\000n\000\040\000a\000n\000d\000\040\000t\000h\000e\000\040\000H\000i\000g\000g\000s\000\040\000b\000o\000s\000o\000n}{section.25}% 207
\BOOKMARK [3][-]{subsubsection.25.10.1}{\376\377\000G\000a\000u\000g\000e\000\040\000I\000n\000v\000a\000r\000i\000a\000n\000c\000e}{subsection.25.10}% 208
\BOOKMARK [3][-]{subsubsection.25.10.2}{\376\377\000S\000t\000a\000t\000n\000d\000a\000r\000d\000\040\000M\000o\000d\000e\000l\000\040\000G\000a\000u\000g\000e\000\040\000I\000n\000t\000e\000r\000a\000c\000t\000i\000o\000n\000s}{subsection.25.10}% 209
\BOOKMARK [3][-]{subsubsection.25.10.3}{\376\377\000E\000l\000e\000c\000t\000o\000w\000e\000a\000k\000\040\000U\000n\000i\000f\000i\000c\000a\000t\000i\000o\000n\000/\000M\000i\000x\000i\000n\000g}{subsection.25.10}% 210
\BOOKMARK [3][-]{subsubsection.25.10.4}{\376\377\000O\000t\000h\000e\000r\000\040\000P\000r\000e\000d\000i\000c\000i\000t\000o\000n\000s}{subsection.25.10}% 211
\BOOKMARK [1][-]{section.26}{\376\377\000R\000a\000d\000i\000o\000a\000c\000t\000i\000v\000e\000\040\000D\000e\000c\000a\000y}{}% 212
\BOOKMARK [2][-]{subsection.26.1}{\376\377\000E\000x\000p\000o\000n\000e\000n\000t\000i\000a\000l\000\040\000D\000e\000c\000a\000y}{section.26}% 213
\BOOKMARK [3][-]{subsubsection.26.1.1}{\376\377\000T\000h\000e\000\040\000L\000a\000w}{subsection.26.1}% 214
\BOOKMARK [3][-]{subsubsection.26.1.2}{\376\377\000H\000a\000l\000f\000-\000L\000i\000f\000e}{subsection.26.1}% 215
\BOOKMARK [3][-]{subsubsection.26.1.3}{\376\377\000M\000e\000a\000n\000\040\000L\000i\000f\000e\000t\000i\000m\000e}{subsection.26.1}% 216
\BOOKMARK [3][-]{subsubsection.26.1.4}{\376\377\000A\000c\000t\000i\000v\000i\000t\000y}{subsection.26.1}% 217
\BOOKMARK [3][-]{subsubsection.26.1.5}{\376\377\000M\000e\000a\000s\000u\000r\000i\000n\000g\000\040\000S\000h\000o\000r\000t\000\040\000a\000n\000d\000\040\000L\000o\000n\000g\000\040\000L\000i\000f\000e\000t\000i\000m\000e\000s\000\040\000a\000n\000d\000\040\000A\000c\000t\000i\000v\000i\000t\000y}{subsection.26.1}% 218
\BOOKMARK [3][-]{subsubsection.26.1.6}{\376\377\000W\000h\000e\000n\000\040\000t\000h\000e\000\040\000D\000e\000c\000a\000y\000\040\000L\000a\000w\000\040\000F\000a\000i\000l\000s}{subsection.26.1}% 219
\BOOKMARK [2][-]{subsection.26.2}{\376\377\000D\000e\000c\000a\000y\000\040\000O\000p\000t\000i\000o\000n\000s}{section.26}% 220
\BOOKMARK [2][-]{subsection.26.3}{\376\377\000M\000i\000x\000e\000d\000\040\000S\000a\000m\000p\000l\000e\000s}{section.26}% 221
\BOOKMARK [2][-]{subsection.26.4}{\376\377\000T\000y\000p\000e\000s\000\040\000o\000f\000\040\000R\000a\000d\000i\000o\000a\000c\000t\000i\000v\000e\000\040\000D\000e\000c\000a\000y}{section.26}% 222
\BOOKMARK [3][-]{subsubsection.26.4.1}{\376\377\000B\000r\000a\000n\000c\000h\000i\000n\000g\000\040\000R\000a\000t\000i\000o\000s\000\040\000a\000n\000d\000\040\000P\000a\000r\000t\000i\000a\000l\000\040\000H\000a\000l\000f\000-\000L\000i\000v\000e\000s}{subsection.26.4}% 223
\BOOKMARK [3][-]{subsubsection.26.4.2}{\376\377\000W\000i\000d\000t\000h\000-\000L\000i\000f\000e\000t\000i\000m\000e\000\040\000R\000e\000l\000a\000t\000i\000o\000n}{subsection.26.4}% 224
\BOOKMARK [2][-]{subsection.26.5}{\376\377\000A\000l\000p\000h\000a\000\040\000D\000e\000c\000a\000y}{section.26}% 225
\BOOKMARK [3][-]{subsubsection.26.5.1}{\376\377\000E\000n\000e\000r\000g\000e\000t\000i\000c\000s\000\040\000o\000f\000\040\000A\000l\000p\000h\000a\000\040\000D\000e\000c\000a\000y}{subsection.26.5}% 226
\BOOKMARK [3][-]{subsubsection.26.5.2}{\376\377\000Q\000-\000v\000a\000l\000u\000e\000\040\000a\000n\000d\000\040\000H\000a\000l\000f\000-\000l\000i\000f\000e}{subsection.26.5}% 227
\BOOKMARK [3][-]{subsubsection.26.5.3}{\376\377\000Q\000\040\000v\000s\000\040\000A\000\040\000S\000y\000s\000t\000e\000m\000a\000t\000i\000c\000s\000\040\000\050\000f\000i\000g\000:\000\040\000Q\000v\000A\000s\000y\000s\000t\000e\000m\000a\000t\000i\000c\000s\000\051}{subsection.26.5}% 228
\BOOKMARK [3][-]{subsubsection.26.5.4}{\376\377\000T\000h\000e\000o\000r\000y\000\040\000o\000f\000\040\000A\000l\000p\000h\000a\000\040\000D\000e\000c\000a\000y}{subsection.26.5}% 229
\BOOKMARK [3][-]{subsubsection.26.5.5}{\376\377\000S\000p\000i\000n\000\040\000a\000n\000d\000\040\000P\000a\000r\000i\000t\000y\000\040\000i\000n\000\040\000A\000l\000p\000h\000a\000\040\000D\000e\000c\000a\000y}{subsection.26.5}% 230
\BOOKMARK [1][-]{section.27}{\376\377\000W\000e\000a\000k\000\040\000I\000n\000t\000e\000r\000a\000c\000t\000i\000o\000n\000s\000\040\000a\000n\000d\000\040\000E\000l\000e\000c\000t\000r\000o\000w\000e\000a\000k\000\040\000U\000n\000i\000f\000i\000c\000a\000t\000i\000o\000n\000:\000\040\000C\000o\000n\000t\000i\000n\000u\000e\000d}{}% 231
\BOOKMARK [2][-]{subsection.27.1}{\376\377\000Z\0000\000\040\000/\000\040\003\263\000\040\000I\000n\000t\000e\000r\000a\000c\000t\000i\000o\000n\000s}{section.27}% 232
\BOOKMARK [3][-]{subsubsection.27.1.1}{\376\377\000E\000l\000e\000c\000t\000r\000o\000n\000-\000A\000n\000t\000i\000e\000l\000e\000c\000t\000r\000o\000n\000\040\000t\000o\000\040\000N\000e\000u\000t\000r\000i\000n\000o\000-\000A\000n\000t\000i\000n\000e\000u\000t\000r\000i\000n\000o}{subsection.27.1}% 233
\BOOKMARK [2][-]{subsection.27.2}{\376\377\000B\000E\000H\000\040\000M\000e\000c\000h\000a\000n\000i\000s\000m}{section.27}% 234
\BOOKMARK [3][-]{subsubsection.27.2.1}{\376\377\000H\000i\000g\000g\000s\000\040\000B\000o\000s\000o\000n\000\040\000D\000e\000c\000a\000y\000s}{subsection.27.2}% 235
\BOOKMARK [3][-]{subsubsection.27.2.2}{\376\377\000H\000i\000g\000g\000s\000\040\000B\000o\000s\000o\000n\000\040\000E\000x\000p\000e\000r\000i\000m\000e\000n\000t\000\040\000S\000u\000m\000m\000a\000r\000y}{subsection.27.2}% 236
\BOOKMARK [1][-]{section.28}{\376\377\000S\000y\000m\000m\000e\000t\000r\000y\000:\000\040\000T\000h\000e\000\040\000W\000e\000a\000k\000\040\000I\000n\000t\000e\000r\000a\000c\000t\000i\000o\000n}{}% 237
\BOOKMARK [2][-]{subsection.28.1}{\376\377\000S\000y\000m\000m\000e\000t\000r\000y\000\040\000B\000r\000e\000a\000k\000i\000n\000g}{section.28}% 238
\BOOKMARK [3][-]{subsubsection.28.1.1}{\376\377\000W\000e\000a\000k\000\040\000P\000a\000r\000i\000t\000y\000\040\000V\000i\000o\000l\000a\000t\000i\000o\000n}{subsection.28.1}% 239
\BOOKMARK [2][-]{subsection.28.2}{\376\377\000C\000P\000\040\000C\000o\000n\000s\000e\000r\000v\000a\000t\000i\000o\000n}{section.28}% 240
\BOOKMARK [2][-]{subsection.28.3}{\376\377\000C\000h\000i\000r\000a\000l\000i\000t\000y\000\040\000a\000n\000d\000\040\000H\000e\000l\000i\000c\000i\000t\000y}{section.28}% 241
\BOOKMARK [3][-]{subsubsection.28.3.1}{\376\377\000R\000i\000g\000h\000t\000-\000\040\000a\000n\000d\000\040\000L\000e\000f\000t\000-\000H\000a\000n\000d\000e\000d\000n\000e\000s\000s\000\040\000f\000i\000g\000:\000\040\000l\000e\000f\000t\000v\000s\000r\000i\000g\000h\000t\000h\000a\000n\000d\000e\000d\000n\000e\000s\000s}{subsection.28.3}% 242
\BOOKMARK [3][-]{subsubsection.28.3.2}{\376\377\000T\000h\000e\000\040\000W\000e\000a\000k\000\040\000I\000n\000t\000e\000r\000a\000c\000t\000i\000o\000n}{subsection.28.3}% 243
\BOOKMARK [3][-]{subsubsection.28.3.3}{\376\377\000E\000l\000e\000c\000t\000r\000o\000n\000-\000E\000l\000e\000c\000t\000r\000o\000n\000\040\000S\000c\000a\000t\000t\000e\000r\000i\000n\000g\000\040\000f\000i\000g\000:\000\040\000e\000l\000e\000c\000t\000r\000o\000n\000e\000l\000e\000c\000t\000r\000o\000n\000p\000a\000r\000i\000t\000y}{subsection.28.3}% 244
\BOOKMARK [2][-]{subsection.28.4}{\376\377\000V\000\040\000-\000\040\000A\000\040\000I\000n\000t\000e\000r\000a\000c\000t\000i\000o\000n}{section.28}% 245
\BOOKMARK [2][-]{subsection.28.5}{\376\377\000N\000e\000u\000t\000r\000a\000l\000\040\000K\000a\000o\000n\000\040\000O\000s\000c\000i\000l\000l\000a\000t\000i\000o\000n}{section.28}% 246
\BOOKMARK [1][-]{section.29}{\376\377\000B\000e\000t\000a\000\040\000D\000e\000c\000a\000y}{}% 247
\BOOKMARK [2][-]{subsection.29.1}{\376\377\003\262\000-\000\040\000D\000e\000c\000a\000y}{section.29}% 248
\BOOKMARK [2][-]{subsection.29.2}{\376\377\003\262\000+\000\040\000D\000e\000c\000a\000y}{section.29}% 249
\BOOKMARK [2][-]{subsection.29.3}{\376\377\000E\000l\000e\000c\000t\000r\000o\000n\000\040\000C\000a\000p\000t\000u\000r\000e}{section.29}% 250
\BOOKMARK [2][-]{subsection.29.4}{\376\377\000F\000r\000e\000e\000\040\000P\000r\000o\000t\000o\000n\000\040\000D\000e\000c\000a\000y}{section.29}% 251
\BOOKMARK [2][-]{subsection.29.5}{\376\377\000E\000n\000e\000r\000g\000y\000\040\000C\000o\000n\000s\000e\000r\000v\000a\000t\000i\000o\000n}{section.29}% 252
\BOOKMARK [3][-]{subsubsection.29.5.1}{\376\377\000N\000e\000u\000t\000r\000o\000n\000\040\000D\000e\000c\000a\000y}{subsection.29.5}% 253
\BOOKMARK [3][-]{subsubsection.29.5.2}{\376\377\003\262\000-\000\040\000D\000e\000c\000a\000y}{subsection.29.5}% 254
\BOOKMARK [3][-]{subsubsection.29.5.3}{\376\377\000E\000l\000e\000c\000t\000r\000o\000n\000\040\000C\000a\000p\000t\000u\000r\000e}{subsection.29.5}% 255
\BOOKMARK [3][-]{subsubsection.29.5.4}{\376\377\000C\000o\000m\000p\000a\000r\000i\000n\000g\000\040\000E\000l\000e\000c\000t\000r\000o\000n\000\040\000C\000a\000p\000t\000u\000r\000e\000\040\000\046\000\040\003\262\000+\000\040\000D\000e\000c\000a\000y}{subsection.29.5}% 256
\BOOKMARK [2][-]{subsection.29.6}{\376\377\000F\000e\000r\000m\000i\000'\000s\000\040\000G\000o\000l\000d\000e\000n\000\040\000R\000u\000l\000e}{section.29}% 257
\BOOKMARK [3][-]{subsubsection.29.6.1}{\376\377\000F\000e\000r\000m\000i\000'\000s\000\040\000G\000o\000l\000d\000e\000n\000\040\000R\000u\000l\000e\000\040\000f\000o\000r\000\040\000D\000e\000c\000a\000y}{subsection.29.6}% 258
\BOOKMARK [3][-]{subsubsection.29.6.2}{\376\377\000F\000e\000r\000m\000i\000'\000s\000\040\000T\000h\000e\000o\000r\000y\000\040\000o\000f\000\040\000B\000e\000t\000a\000\040\000D\000e\000c\000a\000y}{subsection.29.6}% 259
\BOOKMARK [1][-]{section.30}{\376\377\000S\000y\000m\000m\000e\000t\000r\000y\000\040\000B\000r\000e\000a\000k\000i\000n\000g\000\040\000W\000e\000a\000k\000\040\000I\000n\000t\000e\000r\000a\000c\000t\000i\000o\000n\000s}{}% 260
\BOOKMARK [2][-]{subsection.30.1}{\376\377\000K\000e\000y\000\040\000Q\000u\000e\000s\000t\000i\000o\000n\000s\000\040\000A\000b\000o\000u\000t\000\040\000C\000P\000-\000V\000i\000o\000l\000a\000t\000i\000o\000n}{section.30}% 261
\BOOKMARK [3][-]{subsubsection.30.1.1}{\376\377\000C\000P\000T\000\040\000I\000n\000v\000a\000r\000i\000a\000n\000c\000e}{subsection.30.1}% 262
\BOOKMARK [2][-]{subsection.30.2}{\376\377\000C\000P\000\040\000a\000n\000d\000\040\000F\000l\000a\000v\000o\000u\000r\000\040\000O\000s\000c\000i\000l\000l\000a\000t\000i\000o\000n\000s\000\040\000i\000n\000\040\000B\000-\000D\000e\000c\000a\000y\000s}{section.30}% 263
\BOOKMARK [2][-]{subsection.30.3}{\376\377\000W\000o\000l\000f\000e\000n\000s\000t\000e\000i\000n\000\040\000P\000a\000r\000a\000m\000e\000t\000r\000i\000z\000a\000t\000i\000o\000n}{section.30}% 264
